Determining if the pthread_create exist failed with the following output:
Change Dir: /home/kevin/src/RobotAsAService/snappy_client/catkin_ws/build/CMakeFiles/CMakeTmp

Run Build Command:"/usr/bin/make" "cmTryCompileExec1206572119/fast"
/usr/bin/make -f CMakeFiles/cmTryCompileExec1206572119.dir/build.make CMakeFiles/cmTryCompileExec1206572119.dir/build
make[1]: Entering directory `/home/kevin/src/RobotAsAService/snappy_client/catkin_ws/build/CMakeFiles/CMakeTmp'
/usr/bin/cmake -E cmake_progress_report /home/kevin/src/RobotAsAService/snappy_client/catkin_ws/build/CMakeFiles/CMakeTmp/CMakeFiles 1
Building C object CMakeFiles/cmTryCompileExec1206572119.dir/CheckSymbolExists.c.o
/usr/bin/cc    -o CMakeFiles/cmTryCompileExec1206572119.dir/CheckSymbolExists.c.o   -c /home/kevin/src/RobotAsAService/snappy_client/catkin_ws/build/CMakeFiles/CMakeTmp/CheckSymbolExists.c
Linking C executable cmTryCompileExec1206572119
/usr/bin/cmake -E cmake_link_script CMakeFiles/cmTryCompileExec1206572119.dir/link.txt --verbose=1
/usr/bin/cc       CMakeFiles/cmTryCompileExec1206572119.dir/CheckSymbolExists.c.o  -o cmTryCompileExec1206572119 -rdynamic 
CMakeFiles/cmTryCompileExec1206572119.dir/CheckSymbolExists.c.o: In function `main':
CheckSymbolExists.c:(.text+0x16): undefined reference to `pthread_create'
make[1]: Leaving directory `/home/kevin/src/RobotAsAService/snappy_client/catkin_ws/build/CMakeFiles/CMakeTmp'
collect2: error: ld returned 1 exit status
make[1]: *** [cmTryCompileExec1206572119] Error 1
make: *** [cmTryCompileExec1206572119/fast] Error 2

File /home/kevin/src/RobotAsAService/snappy_client/catkin_ws/build/CMakeFiles/CMakeTmp/CheckSymbolExists.c:
/* */
#include <pthread.h>

int main(int argc, char** argv)
{
  (void)argv;
#ifndef pthread_create
  return ((int*)(&pthread_create))[argc];
#else
  (void)argc;
  return 0;
#endif
}

Determining if the function pthread_create exists in the pthreads failed with the following output:
Change Dir: /home/kevin/src/RobotAsAService/snappy_client/catkin_ws/build/CMakeFiles/CMakeTmp

Run Build Command:"/usr/bin/make" "cmTryCompileExec2404280053/fast"
/usr/bin/make -f CMakeFiles/cmTryCompileExec2404280053.dir/build.make CMakeFiles/cmTryCompileExec2404280053.dir/build
make[1]: Entering directory `/home/kevin/src/RobotAsAService/snappy_client/catkin_ws/build/CMakeFiles/CMakeTmp'
/usr/bin/cmake -E cmake_progress_report /home/kevin/src/RobotAsAService/snappy_client/catkin_ws/build/CMakeFiles/CMakeTmp/CMakeFiles 1
Building C object CMakeFiles/cmTryCompileExec2404280053.dir/CheckFunctionExists.c.o
/usr/bin/cc   -DCHECK_FUNCTION_EXISTS=pthread_create   -o CMakeFiles/cmTryCompileExec2404280053.dir/CheckFunctionExists.c.o   -c /usr/share/cmake-3.2/Modules/CheckFunctionExists.c
Linking C executable cmTryCompileExec2404280053
/usr/bin/cmake -E cmake_link_script CMakeFiles/cmTryCompileExec2404280053.dir/link.txt --verbose=1
/usr/bin/cc   -DCHECK_FUNCTION_EXISTS=pthread_create    CMakeFiles/cmTryCompileExec2404280053.dir/CheckFunctionExists.c.o  -o cmTryCompileExec2404280053 -rdynamic -lpthreads 
/usr/bin/ld: cannot find -lpthreads
make[1]: Leaving directory `/home/kevin/src/RobotAsAService/snappy_client/catkin_ws/build/CMakeFiles/CMakeTmp'
collect2: error: ld returned 1 exit status
make[1]: *** [cmTryCompileExec2404280053] Error 1
make: *** [cmTryCompileExec2404280053/fast] Error 2


